<?xml version="1.0" encoding="UTF-8"?>
<testng-results skipped="0" failed="0" total="1" passed="1">
  <reporter-output>
  </reporter-output>
  <suite name="test" duration-ms="25541" started-at="2019-04-07T08:16:51Z" finished-at="2019-04-07T08:17:16Z">
    <groups>
    </groups>
    <test name="registration" duration-ms="25541" started-at="2019-04-07T08:16:51Z" finished-at="2019-04-07T08:17:16Z">
      <class name="Hotel.Registration.RegistrationTest">
        <test-method status="PASS" signature="launchingHotelogixDotCom()[pri:0, instance:Hotel.Registration.RegistrationTest@20e2cbe0]" name="launchingHotelogixDotCom" duration-ms="25516" started-at="2019-04-07T13:46:51Z" finished-at="2019-04-07T13:47:16Z">
          <reporter-output>
          </reporter-output>
        </test-method> <!-- launchingHotelogixDotCom -->
      </class> <!-- Hotel.Registration.RegistrationTest -->
    </test> <!-- registration -->
  </suite> <!-- test -->
</testng-results>
