<?xml version="1.0" encoding="UTF-8"?>
<testng-results skipped="0" failed="0" total="1" passed="1">
  <reporter-output>
  </reporter-output>
  <suite name="test" duration-ms="17733" started-at="2019-04-15T13:21:16Z" finished-at="2019-04-15T13:21:34Z">
    <groups>
    </groups>
    <test name="registration" duration-ms="17733" started-at="2019-04-15T13:21:16Z" finished-at="2019-04-15T13:21:34Z">
      <class name="Hotel.Registration.RegistrationTest">
        <test-method status="PASS" signature="fn_launchingHotelogixDotCom()[pri:0, instance:Hotel.Registration.RegistrationTest@18be83e4]" name="fn_launchingHotelogixDotCom" duration-ms="17720" started-at="2019-04-15T18:51:16Z" finished-at="2019-04-15T18:51:34Z">
          <reporter-output>
          </reporter-output>
        </test-method> <!-- fn_launchingHotelogixDotCom -->
      </class> <!-- Hotel.Registration.RegistrationTest -->
    </test> <!-- registration -->
  </suite> <!-- test -->
</testng-results>
